<?xml version="1.0" encoding="UTF-8"?>
<testng-results skipped="0" failed="0" total="15" passed="15">
  <reporter-output>
  </reporter-output>
  <suite name="book-flight-module" duration-ms="38598" started-at="2023-02-14T21:17:27Z" finished-at="2023-02-14T21:18:06Z">
    <groups>
    </groups>
    <test name="book-flight-3" duration-ms="18772" started-at="2023-02-14T21:17:27Z" finished-at="2023-02-14T21:17:46Z">
      <class name="com.newtours.tests.BookFlightTest">
        <test-method status="PASS" signature="setupDriver()[pri:0, instance:com.newtours.tests.BookFlightTest@50cbc42f]" name="setupDriver" is-config="true" duration-ms="10183" started-at="2023-02-14T21:17:27Z" finished-at="2023-02-14T21:17:37Z">
        </test-method> <!-- setupDriver -->
        <test-method status="PASS" signature="setupParameters(java.lang.String, java.lang.String)[pri:0, instance:com.newtours.tests.BookFlightTest@50cbc42f]" name="setupParameters" is-config="true" duration-ms="1" started-at="2023-02-14T21:17:37Z" depends-on-methods="com.tests.BaseTest.setupDriver" finished-at="2023-02-14T21:17:37Z">
          <params>
            <param index="0">
              <value>
                <![CDATA[3]]>
              </value>
            </param>
            <param index="1">
              <value>
                <![CDATA[$1753 USD]]>
              </value>
            </param>
          </params>
        </test-method> <!-- setupParameters -->
        <test-method status="PASS" signature="registrationPage()[pri:0, instance:com.newtours.tests.BookFlightTest@50cbc42f]" name="registrationPage" duration-ms="4626" started-at="2023-02-14T21:17:37Z" finished-at="2023-02-14T21:17:42Z">
        </test-method> <!-- registrationPage -->
        <test-method status="PASS" signature="registrationConfirmationPage()[pri:0, instance:com.newtours.tests.BookFlightTest@50cbc42f]" name="registrationConfirmationPage" duration-ms="320" started-at="2023-02-14T21:17:42Z" depends-on-methods="com.newtours.tests.BookFlightTest.registrationPage" finished-at="2023-02-14T21:17:42Z">
        </test-method> <!-- registrationConfirmationPage -->
        <test-method status="PASS" signature="flightDetailsPage()[pri:0, instance:com.newtours.tests.BookFlightTest@50cbc42f]" name="flightDetailsPage" duration-ms="1762" started-at="2023-02-14T21:17:42Z" depends-on-methods="com.newtours.tests.BookFlightTest.registrationConfirmationPage" finished-at="2023-02-14T21:17:44Z">
        </test-method> <!-- flightDetailsPage -->
        <test-method status="PASS" signature="findFlightPage()[pri:0, instance:com.newtours.tests.BookFlightTest@50cbc42f]" name="findFlightPage" duration-ms="685" started-at="2023-02-14T21:17:44Z" depends-on-methods="com.newtours.tests.BookFlightTest.flightDetailsPage" finished-at="2023-02-14T21:17:45Z">
        </test-method> <!-- findFlightPage -->
        <test-method status="PASS" signature="printConfirmation()[pri:0, instance:com.newtours.tests.BookFlightTest@50cbc42f]" name="printConfirmation" duration-ms="535" started-at="2023-02-14T21:17:45Z" depends-on-methods="com.newtours.tests.BookFlightTest.findFlightPage" finished-at="2023-02-14T21:17:45Z">
        </test-method> <!-- printConfirmation -->
        <test-method status="PASS" signature="quitDriver()[pri:0, instance:com.newtours.tests.BookFlightTest@50cbc42f]" name="quitDriver" is-config="true" duration-ms="650" started-at="2023-02-14T21:17:45Z" finished-at="2023-02-14T21:17:46Z">
        </test-method> <!-- quitDriver -->
      </class> <!-- com.newtours.tests.BookFlightTest -->
    </test> <!-- book-flight-3 -->
    <test name="book-flight-2" duration-ms="28704" started-at="2023-02-14T21:17:27Z" finished-at="2023-02-14T21:17:56Z">
      <class name="com.newtours.tests.BookFlightTest">
        <test-method status="PASS" signature="setupDriver()[pri:0, instance:com.newtours.tests.BookFlightTest@67117f44]" name="setupDriver" is-config="true" duration-ms="20652" started-at="2023-02-14T21:17:27Z" finished-at="2023-02-14T21:17:48Z">
        </test-method> <!-- setupDriver -->
        <test-method status="PASS" signature="setupParameters(java.lang.String, java.lang.String)[pri:0, instance:com.newtours.tests.BookFlightTest@67117f44]" name="setupParameters" is-config="true" duration-ms="0" started-at="2023-02-14T21:17:48Z" depends-on-methods="com.tests.BaseTest.setupDriver" finished-at="2023-02-14T21:17:48Z">
          <params>
            <param index="0">
              <value>
                <![CDATA[2]]>
              </value>
            </param>
            <param index="1">
              <value>
                <![CDATA[$1169 USD]]>
              </value>
            </param>
          </params>
        </test-method> <!-- setupParameters -->
        <test-method status="PASS" signature="registrationPage()[pri:0, instance:com.newtours.tests.BookFlightTest@67117f44]" name="registrationPage" duration-ms="4160" started-at="2023-02-14T21:17:48Z" finished-at="2023-02-14T21:17:52Z">
        </test-method> <!-- registrationPage -->
        <test-method status="PASS" signature="registrationConfirmationPage()[pri:0, instance:com.newtours.tests.BookFlightTest@67117f44]" name="registrationConfirmationPage" duration-ms="323" started-at="2023-02-14T21:17:52Z" depends-on-methods="com.newtours.tests.BookFlightTest.registrationPage" finished-at="2023-02-14T21:17:52Z">
        </test-method> <!-- registrationConfirmationPage -->
        <test-method status="PASS" signature="flightDetailsPage()[pri:0, instance:com.newtours.tests.BookFlightTest@67117f44]" name="flightDetailsPage" duration-ms="1859" started-at="2023-02-14T21:17:52Z" depends-on-methods="com.newtours.tests.BookFlightTest.registrationConfirmationPage" finished-at="2023-02-14T21:17:54Z">
        </test-method> <!-- flightDetailsPage -->
        <test-method status="PASS" signature="findFlightPage()[pri:0, instance:com.newtours.tests.BookFlightTest@67117f44]" name="findFlightPage" duration-ms="639" started-at="2023-02-14T21:17:54Z" depends-on-methods="com.newtours.tests.BookFlightTest.flightDetailsPage" finished-at="2023-02-14T21:17:55Z">
        </test-method> <!-- findFlightPage -->
        <test-method status="PASS" signature="printConfirmation()[pri:0, instance:com.newtours.tests.BookFlightTest@67117f44]" name="printConfirmation" duration-ms="471" started-at="2023-02-14T21:17:55Z" depends-on-methods="com.newtours.tests.BookFlightTest.findFlightPage" finished-at="2023-02-14T21:17:55Z">
        </test-method> <!-- printConfirmation -->
        <test-method status="PASS" signature="quitDriver()[pri:0, instance:com.newtours.tests.BookFlightTest@67117f44]" name="quitDriver" is-config="true" duration-ms="593" started-at="2023-02-14T21:17:55Z" finished-at="2023-02-14T21:17:56Z">
        </test-method> <!-- quitDriver -->
      </class> <!-- com.newtours.tests.BookFlightTest -->
    </test> <!-- book-flight-2 -->
    <test name="book-flight-4" duration-ms="38598" started-at="2023-02-14T21:17:27Z" finished-at="2023-02-14T21:18:06Z">
      <class name="com.newtours.tests.BookFlightTest">
        <test-method status="PASS" signature="setupDriver()[pri:0, instance:com.newtours.tests.BookFlightTest@21a06946]" name="setupDriver" is-config="true" duration-ms="30599" started-at="2023-02-14T21:17:27Z" finished-at="2023-02-14T21:17:58Z">
        </test-method> <!-- setupDriver -->
        <test-method status="PASS" signature="setupParameters(java.lang.String, java.lang.String)[pri:0, instance:com.newtours.tests.BookFlightTest@21a06946]" name="setupParameters" is-config="true" duration-ms="0" started-at="2023-02-14T21:17:58Z" depends-on-methods="com.tests.BaseTest.setupDriver" finished-at="2023-02-14T21:17:58Z">
          <params>
            <param index="0">
              <value>
                <![CDATA[4]]>
              </value>
            </param>
            <param index="1">
              <value>
                <![CDATA[$2338 USD]]>
              </value>
            </param>
          </params>
        </test-method> <!-- setupParameters -->
        <test-method status="PASS" signature="registrationPage()[pri:0, instance:com.newtours.tests.BookFlightTest@21a06946]" name="registrationPage" duration-ms="4186" started-at="2023-02-14T21:17:58Z" finished-at="2023-02-14T21:18:02Z">
        </test-method> <!-- registrationPage -->
        <test-method status="PASS" signature="registrationConfirmationPage()[pri:0, instance:com.newtours.tests.BookFlightTest@21a06946]" name="registrationConfirmationPage" duration-ms="347" started-at="2023-02-14T21:18:02Z" depends-on-methods="com.newtours.tests.BookFlightTest.registrationPage" finished-at="2023-02-14T21:18:02Z">
        </test-method> <!-- registrationConfirmationPage -->
        <test-method status="PASS" signature="flightDetailsPage()[pri:0, instance:com.newtours.tests.BookFlightTest@21a06946]" name="flightDetailsPage" duration-ms="1742" started-at="2023-02-14T21:18:02Z" depends-on-methods="com.newtours.tests.BookFlightTest.registrationConfirmationPage" finished-at="2023-02-14T21:18:04Z">
        </test-method> <!-- flightDetailsPage -->
        <test-method status="PASS" signature="findFlightPage()[pri:0, instance:com.newtours.tests.BookFlightTest@21a06946]" name="findFlightPage" duration-ms="639" started-at="2023-02-14T21:18:04Z" depends-on-methods="com.newtours.tests.BookFlightTest.flightDetailsPage" finished-at="2023-02-14T21:18:05Z">
        </test-method> <!-- findFlightPage -->
        <test-method status="PASS" signature="printConfirmation()[pri:0, instance:com.newtours.tests.BookFlightTest@21a06946]" name="printConfirmation" duration-ms="431" started-at="2023-02-14T21:18:05Z" depends-on-methods="com.newtours.tests.BookFlightTest.findFlightPage" finished-at="2023-02-14T21:18:05Z">
        </test-method> <!-- printConfirmation -->
        <test-method status="PASS" signature="quitDriver()[pri:0, instance:com.newtours.tests.BookFlightTest@21a06946]" name="quitDriver" is-config="true" duration-ms="651" started-at="2023-02-14T21:18:05Z" finished-at="2023-02-14T21:18:06Z">
        </test-method> <!-- quitDriver -->
      </class> <!-- com.newtours.tests.BookFlightTest -->
    </test> <!-- book-flight-4 -->
  </suite> <!-- book-flight-module -->
</testng-results>
